<?xml version="1.0" encoding="UTF-8" ?>
<testsuite failures="0" time="0.004" errors="0" skipped="0" tests="4" name="org.apache.maven.plugin.nar.test.TestNarLayout20">
  <properties>
    <property name="java.runtime.name" value="Java(TM) SE Runtime Environment"/>
    <property name="sun.boot.library.path" value="/opt/sun/java32/jdk1.6.0_23/jre/lib/i386"/>
    <property name="java.vm.version" value="19.0-b09"/>
    <property name="java.vm.vendor" value="Sun Microsystems Inc."/>
    <property name="java.vendor.url" value="http://java.sun.com/"/>
    <property name="path.separator" value=":"/>
    <property name="java.vm.name" value="Java HotSpot(TM) Server VM"/>
    <property name="file.encoding.pkg" value="sun.io"/>
    <property name="user.country" value="US"/>
    <property name="sun.java.launcher" value="SUN_STANDARD"/>
    <property name="sun.os.patch.level" value="unknown"/>
    <property name="java.vm.specification.name" value="Java Virtual Machine Specification"/>
    <property name="user.dir" value="/home/user1/Workspaces/barchart-3.6-work/barchart-nar"/>
    <property name="java.runtime.version" value="1.6.0_23-b05"/>
    <property name="java.awt.graphicsenv" value="sun.awt.X11GraphicsEnvironment"/>
    <property name="basedir" value="/home/user1/Workspaces/barchart-3.6-work/barchart-nar"/>
    <property name="java.endorsed.dirs" value="/opt/sun/java32/jdk1.6.0_23/jre/lib/endorsed"/>
    <property name="os.arch" value="i386"/>
    <property name="surefire.real.class.path" value="/home/user1/Workspaces/barchart-3.6-work/barchart-nar/target/surefire/surefirebooter5772261735029904184.jar"/>
    <property name="java.io.tmpdir" value="/tmp"/>
    <property name="line.separator" value="
"/>
    <property name="java.vm.specification.vendor" value="Sun Microsystems Inc."/>
    <property name="os.name" value="Linux"/>
    <property name="sun.jnu.encoding" value="UTF-8"/>
    <property name="java.library.path" value="/opt/sun/java32/jdk1.6.0_23/jre/lib/i386/server:/opt/sun/java32/jdk1.6.0_23/jre/lib/i386:/opt/sun/java32/jdk1.6.0_23/jre/../lib/i386:/opt/sun/java64/jdk1.6.0_23/jre/lib/amd64/server:/opt/sun/java64/jdk1.6.0_23/jre/lib/amd64:/opt/sun/java64/jdk1.6.0_23/jre/../lib/amd64:/usr/lib64/xulrunner-addons:/usr/java/packages/lib/i386:/lib:/usr/lib"/>
    <property name="surefire.test.class.path" value="/home/user1/Workspaces/barchart-3.6-work/barchart-nar/target/test-classes:/home/user1/Workspaces/barchart-3.6-work/barchart-nar/target/classes:/home/user1/.m2/repository/org/apache/maven/maven-plugin-api/2.0.9/maven-plugin-api-2.0.9.jar:/home/user1/.m2/repository/org/apache/maven/maven-project/2.0.9/maven-project-2.0.9.jar:/home/user1/.m2/repository/org/apache/maven/maven-settings/2.0.9/maven-settings-2.0.9.jar:/home/user1/.m2/repository/org/apache/maven/maven-profile/2.0.9/maven-profile-2.0.9.jar:/home/user1/.m2/repository/org/apache/maven/maven-artifact-manager/2.0.9/maven-artifact-manager-2.0.9.jar:/home/user1/.m2/repository/org/apache/maven/maven-plugin-registry/2.0.9/maven-plugin-registry-2.0.9.jar:/home/user1/.m2/repository/org/apache/maven/maven-artifact/2.0.9/maven-artifact-2.0.9.jar:/home/user1/.m2/repository/org/apache/maven/maven-model/2.0.9/maven-model-2.0.9.jar:/home/user1/.m2/repository/org/apache/maven/surefire/surefire-booter/2.6/surefire-booter-2.6.jar:/home/user1/.m2/repository/org/apache/maven/surefire/surefire-api/2.6/surefire-api-2.6.jar:/home/user1/.m2/repository/org/apache/maven/maven-toolchain/2.2.1/maven-toolchain-2.2.1.jar:/home/user1/.m2/repository/org/apache/maven/maven-core/2.2.1/maven-core-2.2.1.jar:/home/user1/.m2/repository/org/apache/maven/wagon/wagon-file/1.0-beta-6/wagon-file-1.0-beta-6.jar:/home/user1/.m2/repository/org/apache/maven/maven-plugin-parameter-documenter/2.2.1/maven-plugin-parameter-documenter-2.2.1.jar:/home/user1/.m2/repository/org/apache/maven/wagon/wagon-http-lightweight/1.0-beta-6/wagon-http-lightweight-1.0-beta-6.jar:/home/user1/.m2/repository/org/apache/maven/wagon/wagon-http-shared/1.0-beta-6/wagon-http-shared-1.0-beta-6.jar:/home/user1/.m2/repository/nekohtml/xercesMinimal/1.9.6.2/xercesMinimal-1.9.6.2.jar:/home/user1/.m2/repository/nekohtml/nekohtml/1.9.6.2/nekohtml-1.9.6.2.jar:/home/user1/.m2/repository/org/apache/maven/wagon/wagon-http/1.0-beta-6/wagon-http-1.0-beta-6.jar:/home/user1/.m2/repository/org/apache/maven/wagon/wagon-webdav-jackrabbit/1.0-beta-6/wagon-webdav-jackrabbit-1.0-beta-6.jar:/home/user1/.m2/repository/org/apache/jackrabbit/jackrabbit-webdav/1.5.0/jackrabbit-webdav-1.5.0.jar:/home/user1/.m2/repository/org/apache/jackrabbit/jackrabbit-jcr-commons/1.5.0/jackrabbit-jcr-commons-1.5.0.jar:/home/user1/.m2/repository/commons-httpclient/commons-httpclient/3.0/commons-httpclient-3.0.jar:/home/user1/.m2/repository/commons-codec/commons-codec/1.2/commons-codec-1.2.jar:/home/user1/.m2/repository/org/slf4j/slf4j-nop/1.5.3/slf4j-nop-1.5.3.jar:/home/user1/.m2/repository/org/slf4j/slf4j-jdk14/1.5.6/slf4j-jdk14-1.5.6.jar:/home/user1/.m2/repository/org/slf4j/slf4j-api/1.5.6/slf4j-api-1.5.6.jar:/home/user1/.m2/repository/org/slf4j/jcl-over-slf4j/1.5.6/jcl-over-slf4j-1.5.6.jar:/home/user1/.m2/repository/org/apache/maven/reporting/maven-reporting-api/2.2.1/maven-reporting-api-2.2.1.jar:/home/user1/.m2/repository/org/apache/maven/doxia/doxia-sink-api/1.1/doxia-sink-api-1.1.jar:/home/user1/.m2/repository/org/apache/maven/doxia/doxia-logging-api/1.1/doxia-logging-api-1.1.jar:/home/user1/.m2/repository/org/apache/maven/wagon/wagon-provider-api/1.0-beta-6/wagon-provider-api-1.0-beta-6.jar:/home/user1/.m2/repository/org/apache/maven/maven-repository-metadata/2.2.1/maven-repository-metadata-2.2.1.jar:/home/user1/.m2/repository/org/apache/maven/maven-error-diagnostics/2.2.1/maven-error-diagnostics-2.2.1.jar:/home/user1/.m2/repository/commons-cli/commons-cli/1.2/commons-cli-1.2.jar:/home/user1/.m2/repository/org/apache/maven/wagon/wagon-ssh-external/1.0-beta-6/wagon-ssh-external-1.0-beta-6.jar:/home/user1/.m2/repository/org/apache/maven/wagon/wagon-ssh-common/1.0-beta-6/wagon-ssh-common-1.0-beta-6.jar:/home/user1/.m2/repository/org/apache/maven/maven-plugin-descriptor/2.2.1/maven-plugin-descriptor-2.2.1.jar:/home/user1/.m2/repository/org/codehaus/plexus/plexus-interactivity-api/1.0-alpha-4/plexus-interactivity-api-1.0-alpha-4.jar:/home/user1/.m2/repository/org/apache/maven/maven-monitor/2.2.1/maven-monitor-2.2.1.jar:/home/user1/.m2/repository/org/apache/maven/wagon/wagon-ssh/1.0-beta-6/wagon-ssh-1.0-beta-6.jar:/home/user1/.m2/repository/com/jcraft/jsch/0.1.38/jsch-0.1.38.jar:/home/user1/.m2/repository/classworlds/classworlds/1.1/classworlds-1.1.jar:/home/user1/.m2/repository/org/sonatype/plexus/plexus-sec-dispatcher/1.3/plexus-sec-dispatcher-1.3.jar:/home/user1/.m2/repository/org/sonatype/plexus/plexus-cipher/1.4/plexus-cipher-1.4.jar:/home/user1/.m2/repository/org/codehaus/plexus/plexus-container-default/1.5.4/plexus-container-default-1.5.4.jar:/home/user1/.m2/repository/org/codehaus/plexus/plexus-classworlds/2.2.2/plexus-classworlds-2.2.2.jar:/home/user1/.m2/repository/org/apache/xbean/xbean-reflect/3.4/xbean-reflect-3.4.jar:/home/user1/.m2/repository/log4j/log4j/1.2.12/log4j-1.2.12.jar:/home/user1/.m2/repository/commons-logging/commons-logging-api/1.1/commons-logging-api-1.1.jar:/home/user1/.m2/repository/com/google/collections/google-collections/1.0/google-collections-1.0.jar:/home/user1/.m2/repository/org/codehaus/plexus/plexus-compiler-api/1.8/plexus-compiler-api-1.8.jar:/home/user1/.m2/repository/org/codehaus/plexus/plexus-utils/2.0.5/plexus-utils-2.0.5.jar:/home/user1/.m2/repository/org/codehaus/plexus/plexus-archiver/1.0/plexus-archiver-1.0.jar:/home/user1/.m2/repository/org/codehaus/plexus/plexus-io/1.0/plexus-io-1.0.jar:/home/user1/.m2/repository/net/sf/antcontrib/cpptasks-parallel/1.0-beta-5-parallel-1-SNAPSHOT/cpptasks-parallel-1.0-beta-5-parallel-1-SNAPSHOT.jar:/home/user1/.m2/repository/ant/ant/1.6.5/ant-1.6.5.jar:/home/user1/.m2/repository/xml-apis/xml-apis/1.3.03/xml-apis-1.3.03.jar:/home/user1/.m2/repository/xerces/xercesImpl/2.8.1/xercesImpl-2.8.1.jar:/home/user1/.m2/repository/org/apache/bcel/bcel/5.2/bcel-5.2.jar:/home/user1/.m2/repository/jakarta-regexp/jakarta-regexp/1.4/jakarta-regexp-1.4.jar:/home/user1/.m2/repository/org/apache/ant/ant/1.8.1/ant-1.8.1.jar:/home/user1/.m2/repository/org/apache/ant/ant-launcher/1.8.1/ant-launcher-1.8.1.jar:/home/user1/.m2/repository/junit/junit/4.8.1/junit-4.8.1.jar:"/>
    <property name="java.specification.name" value="Java Platform API Specification"/>
    <property name="java.class.version" value="50.0"/>
    <property name="sun.management.compiler" value="HotSpot Tiered Compilers"/>
    <property name="os.version" value="2.6.32-22-generic"/>
    <property name="user.home" value="/home/user1"/>
    <property name="user.timezone" value=""/>
    <property name="java.awt.printerjob" value="sun.print.PSPrinterJob"/>
    <property name="file.encoding" value="UTF-8"/>
    <property name="java.specification.version" value="1.6"/>
    <property name="user.name" value="user1"/>
    <property name="java.class.path" value="/home/user1/Workspaces/barchart-3.6-work/barchart-nar/target/test-classes:/home/user1/Workspaces/barchart-3.6-work/barchart-nar/target/classes:/home/user1/.m2/repository/org/apache/maven/maven-plugin-api/2.0.9/maven-plugin-api-2.0.9.jar:/home/user1/.m2/repository/org/apache/maven/maven-project/2.0.9/maven-project-2.0.9.jar:/home/user1/.m2/repository/org/apache/maven/maven-settings/2.0.9/maven-settings-2.0.9.jar:/home/user1/.m2/repository/org/apache/maven/maven-profile/2.0.9/maven-profile-2.0.9.jar:/home/user1/.m2/repository/org/apache/maven/maven-artifact-manager/2.0.9/maven-artifact-manager-2.0.9.jar:/home/user1/.m2/repository/org/apache/maven/maven-plugin-registry/2.0.9/maven-plugin-registry-2.0.9.jar:/home/user1/.m2/repository/org/apache/maven/maven-artifact/2.0.9/maven-artifact-2.0.9.jar:/home/user1/.m2/repository/org/apache/maven/maven-model/2.0.9/maven-model-2.0.9.jar:/home/user1/.m2/repository/org/apache/maven/surefire/surefire-booter/2.6/surefire-booter-2.6.jar:/home/user1/.m2/repository/org/apache/maven/surefire/surefire-api/2.6/surefire-api-2.6.jar:/home/user1/.m2/repository/org/apache/maven/maven-toolchain/2.2.1/maven-toolchain-2.2.1.jar:/home/user1/.m2/repository/org/apache/maven/maven-core/2.2.1/maven-core-2.2.1.jar:/home/user1/.m2/repository/org/apache/maven/wagon/wagon-file/1.0-beta-6/wagon-file-1.0-beta-6.jar:/home/user1/.m2/repository/org/apache/maven/maven-plugin-parameter-documenter/2.2.1/maven-plugin-parameter-documenter-2.2.1.jar:/home/user1/.m2/repository/org/apache/maven/wagon/wagon-http-lightweight/1.0-beta-6/wagon-http-lightweight-1.0-beta-6.jar:/home/user1/.m2/repository/org/apache/maven/wagon/wagon-http-shared/1.0-beta-6/wagon-http-shared-1.0-beta-6.jar:/home/user1/.m2/repository/nekohtml/xercesMinimal/1.9.6.2/xercesMinimal-1.9.6.2.jar:/home/user1/.m2/repository/nekohtml/nekohtml/1.9.6.2/nekohtml-1.9.6.2.jar:/home/user1/.m2/repository/org/apache/maven/wagon/wagon-http/1.0-beta-6/wagon-http-1.0-beta-6.jar:/home/user1/.m2/repository/org/apache/maven/wagon/wagon-webdav-jackrabbit/1.0-beta-6/wagon-webdav-jackrabbit-1.0-beta-6.jar:/home/user1/.m2/repository/org/apache/jackrabbit/jackrabbit-webdav/1.5.0/jackrabbit-webdav-1.5.0.jar:/home/user1/.m2/repository/org/apache/jackrabbit/jackrabbit-jcr-commons/1.5.0/jackrabbit-jcr-commons-1.5.0.jar:/home/user1/.m2/repository/commons-httpclient/commons-httpclient/3.0/commons-httpclient-3.0.jar:/home/user1/.m2/repository/commons-codec/commons-codec/1.2/commons-codec-1.2.jar:/home/user1/.m2/repository/org/slf4j/slf4j-nop/1.5.3/slf4j-nop-1.5.3.jar:/home/user1/.m2/repository/org/slf4j/slf4j-jdk14/1.5.6/slf4j-jdk14-1.5.6.jar:/home/user1/.m2/repository/org/slf4j/slf4j-api/1.5.6/slf4j-api-1.5.6.jar:/home/user1/.m2/repository/org/slf4j/jcl-over-slf4j/1.5.6/jcl-over-slf4j-1.5.6.jar:/home/user1/.m2/repository/org/apache/maven/reporting/maven-reporting-api/2.2.1/maven-reporting-api-2.2.1.jar:/home/user1/.m2/repository/org/apache/maven/doxia/doxia-sink-api/1.1/doxia-sink-api-1.1.jar:/home/user1/.m2/repository/org/apache/maven/doxia/doxia-logging-api/1.1/doxia-logging-api-1.1.jar:/home/user1/.m2/repository/org/apache/maven/wagon/wagon-provider-api/1.0-beta-6/wagon-provider-api-1.0-beta-6.jar:/home/user1/.m2/repository/org/apache/maven/maven-repository-metadata/2.2.1/maven-repository-metadata-2.2.1.jar:/home/user1/.m2/repository/org/apache/maven/maven-error-diagnostics/2.2.1/maven-error-diagnostics-2.2.1.jar:/home/user1/.m2/repository/commons-cli/commons-cli/1.2/commons-cli-1.2.jar:/home/user1/.m2/repository/org/apache/maven/wagon/wagon-ssh-external/1.0-beta-6/wagon-ssh-external-1.0-beta-6.jar:/home/user1/.m2/repository/org/apache/maven/wagon/wagon-ssh-common/1.0-beta-6/wagon-ssh-common-1.0-beta-6.jar:/home/user1/.m2/repository/org/apache/maven/maven-plugin-descriptor/2.2.1/maven-plugin-descriptor-2.2.1.jar:/home/user1/.m2/repository/org/codehaus/plexus/plexus-interactivity-api/1.0-alpha-4/plexus-interactivity-api-1.0-alpha-4.jar:/home/user1/.m2/repository/org/apache/maven/maven-monitor/2.2.1/maven-monitor-2.2.1.jar:/home/user1/.m2/repository/org/apache/maven/wagon/wagon-ssh/1.0-beta-6/wagon-ssh-1.0-beta-6.jar:/home/user1/.m2/repository/com/jcraft/jsch/0.1.38/jsch-0.1.38.jar:/home/user1/.m2/repository/classworlds/classworlds/1.1/classworlds-1.1.jar:/home/user1/.m2/repository/org/sonatype/plexus/plexus-sec-dispatcher/1.3/plexus-sec-dispatcher-1.3.jar:/home/user1/.m2/repository/org/sonatype/plexus/plexus-cipher/1.4/plexus-cipher-1.4.jar:/home/user1/.m2/repository/org/codehaus/plexus/plexus-container-default/1.5.4/plexus-container-default-1.5.4.jar:/home/user1/.m2/repository/org/codehaus/plexus/plexus-classworlds/2.2.2/plexus-classworlds-2.2.2.jar:/home/user1/.m2/repository/org/apache/xbean/xbean-reflect/3.4/xbean-reflect-3.4.jar:/home/user1/.m2/repository/log4j/log4j/1.2.12/log4j-1.2.12.jar:/home/user1/.m2/repository/commons-logging/commons-logging-api/1.1/commons-logging-api-1.1.jar:/home/user1/.m2/repository/com/google/collections/google-collections/1.0/google-collections-1.0.jar:/home/user1/.m2/repository/org/codehaus/plexus/plexus-compiler-api/1.8/plexus-compiler-api-1.8.jar:/home/user1/.m2/repository/org/codehaus/plexus/plexus-utils/2.0.5/plexus-utils-2.0.5.jar:/home/user1/.m2/repository/org/codehaus/plexus/plexus-archiver/1.0/plexus-archiver-1.0.jar:/home/user1/.m2/repository/org/codehaus/plexus/plexus-io/1.0/plexus-io-1.0.jar:/home/user1/.m2/repository/net/sf/antcontrib/cpptasks-parallel/1.0-beta-5-parallel-1-SNAPSHOT/cpptasks-parallel-1.0-beta-5-parallel-1-SNAPSHOT.jar:/home/user1/.m2/repository/ant/ant/1.6.5/ant-1.6.5.jar:/home/user1/.m2/repository/xml-apis/xml-apis/1.3.03/xml-apis-1.3.03.jar:/home/user1/.m2/repository/xerces/xercesImpl/2.8.1/xercesImpl-2.8.1.jar:/home/user1/.m2/repository/org/apache/bcel/bcel/5.2/bcel-5.2.jar:/home/user1/.m2/repository/jakarta-regexp/jakarta-regexp/1.4/jakarta-regexp-1.4.jar:/home/user1/.m2/repository/org/apache/ant/ant/1.8.1/ant-1.8.1.jar:/home/user1/.m2/repository/org/apache/ant/ant-launcher/1.8.1/ant-launcher-1.8.1.jar:/home/user1/.m2/repository/junit/junit/4.8.1/junit-4.8.1.jar:"/>
    <property name="java.vm.specification.version" value="1.0"/>
    <property name="sun.arch.data.model" value="32"/>
    <property name="java.home" value="/opt/sun/java32/jdk1.6.0_23/jre"/>
    <property name="java.specification.vendor" value="Sun Microsystems Inc."/>
    <property name="user.language" value="en"/>
    <property name="java.vm.info" value="mixed mode"/>
    <property name="java.version" value="1.6.0_23"/>
    <property name="java.ext.dirs" value="/opt/sun/java32/jdk1.6.0_23/jre/lib/ext:/usr/java/packages/lib/ext"/>
    <property name="sun.boot.class.path" value="/opt/sun/java32/jdk1.6.0_23/jre/lib/resources.jar:/opt/sun/java32/jdk1.6.0_23/jre/lib/rt.jar:/opt/sun/java32/jdk1.6.0_23/jre/lib/sunrsasign.jar:/opt/sun/java32/jdk1.6.0_23/jre/lib/jsse.jar:/opt/sun/java32/jdk1.6.0_23/jre/lib/jce.jar:/opt/sun/java32/jdk1.6.0_23/jre/lib/charsets.jar:/opt/sun/java32/jdk1.6.0_23/jre/lib/modules/jdk.boot.jar:/opt/sun/java32/jdk1.6.0_23/jre/classes"/>
    <property name="java.vendor" value="Sun Microsystems Inc."/>
    <property name="localRepository" value="/home/user1/.m2/repository"/>
    <property name="file.separator" value="/"/>
    <property name="java.vendor.url.bug" value="http://java.sun.com/cgi-bin/bugreport.cgi"/>
    <property name="sun.cpu.endian" value="little"/>
    <property name="sun.io.unicode.encoding" value="UnicodeLittle"/>
    <property name="sun.cpu.isalist" value=""/>
  </properties>
  <testcase time="0.001" classname="org.apache.maven.plugin.nar.test.TestNarLayout20" name="testGetLayout"/>
  <testcase time="0.001" classname="org.apache.maven.plugin.nar.test.TestNarLayout20" name="testGetIncludeDirectory"/>
  <testcase time="0" classname="org.apache.maven.plugin.nar.test.TestNarLayout20" name="testGetLibDirectory"/>
  <testcase time="0" classname="org.apache.maven.plugin.nar.test.TestNarLayout20" name="testGetBinDirectory"/>
</testsuite>